[ 2016-04-23T21:55:09+08:00 ] 127.0.0.1 /HSLshop/
INFO: [ app_init ] --START--
INFO: Run Behavior\BuildLiteBehavior [ RunTime:0.000103s ]
INFO: [ app_init ] --END-- [ RunTime:0.019031s ]
INFO: [ app_begin ] --START--
INFO: Run Behavior\ReadHtmlCacheBehavior [ RunTime:0.001398s ]
INFO: [ app_begin ] --END-- [ RunTime:0.001603s ]
SQL: SHOW COLUMNS FROM `hsl_goods_type` [ RunTime:0.0915s ]
SQL: SELECT * FROM `hsl_goods_type` WHERE ( enabled = 1 )  [ RunTime:0.0311s ]
SQL: SHOW COLUMNS FROM `hsl_goods` [ RunTime:0.0489s ]
SQL: SELECT * FROM `hsl_goods` WHERE ( is_new = 1 )  [ RunTime:0.0004s ]
SQL: SELECT * FROM `hsl_goods` WHERE ( is_promote = 1 )  [ RunTime:0.0002s ]
SQL: SELECT * FROM `hsl_goods` WHERE ( is_hot = 1 )  [ RunTime:0.0002s ]
INFO: [ view_parse ] --START--
INFO: [ template_filter ] --START--
INFO: Run Behavior\ContentReplaceBehavior [ RunTime:0.005928s ]
INFO: [ template_filter ] --END-- [ RunTime:0.006153s ]
INFO: Run Behavior\ParseTemplateBehavior [ RunTime:0.082154s ]
INFO: [ view_parse ] --END-- [ RunTime:0.082401s ]
INFO: [ view_filter ] --START--
INFO: Run Behavior\WriteHtmlCacheBehavior [ RunTime:0.006773s ]
INFO: [ view_filter ] --END-- [ RunTime:0.006916s ]
INFO: [ app_end ] --START--
INFO: Run Behavior\ShowPageTraceBehavior [ RunTime:0.018972s ]
INFO: [ app_end ] --END-- [ RunTime:0.019846s ]

