[ 2016-04-26T17:46:05+08:00 ] 127.0.0.1 /HSLshop/
INFO: [ app_init ] --START--
INFO: Run Behavior\BuildLiteBehavior [ RunTime:0.000032s ]
INFO: [ app_init ] --END-- [ RunTime:0.017063s ]
INFO: [ app_begin ] --START--
INFO: Run Behavior\ReadHtmlCacheBehavior [ RunTime:0.001385s ]
INFO: [ app_begin ] --END-- [ RunTime:0.001557s ]
SQL: SHOW COLUMNS FROM `hsl_goods_type` [ RunTime:0.0587s ]
SQL: SELECT * FROM `hsl_goods_type` WHERE ( enabled = 1 )  [ RunTime:0.0313s ]
SQL: SHOW COLUMNS FROM `hsl_goods` [ RunTime:0.0374s ]
SQL: SELECT * FROM `hsl_goods` WHERE ( is_new = 1 )  [ RunTime:0.0007s ]
SQL: SELECT * FROM `hsl_goods` WHERE ( is_promote = 1 )  [ RunTime:0.0004s ]
SQL: SELECT * FROM `hsl_goods` WHERE ( is_hot = 1 )  [ RunTime:0.0004s ]
INFO: [ view_parse ] --START--
INFO: [ template_filter ] --START--
INFO: Run Behavior\ContentReplaceBehavior [ RunTime:0.060055s ]
INFO: [ template_filter ] --END-- [ RunTime:0.060255s ]
INFO: Run Behavior\ParseTemplateBehavior [ RunTime:0.133872s ]
INFO: [ view_parse ] --END-- [ RunTime:0.134082s ]
INFO: [ view_filter ] --START--
INFO: Run Behavior\WriteHtmlCacheBehavior [ RunTime:0.009275s ]
INFO: [ view_filter ] --END-- [ RunTime:0.009461s ]
INFO: [ app_end ] --START--
INFO: Run Behavior\ShowPageTraceBehavior [ RunTime:0.007833s ]
INFO: [ app_end ] --END-- [ RunTime:0.008042s ]

[ 2016-04-26T18:49:40+08:00 ] 127.0.0.1 /HSLshop/
INFO: [ app_init ] --START--
INFO: Run Behavior\BuildLiteBehavior [ RunTime:0.000322s ]
INFO: [ app_init ] --END-- [ RunTime:0.003312s ]
INFO: [ app_begin ] --START--
INFO: Run Behavior\ReadHtmlCacheBehavior [ RunTime:0.000694s ]
INFO: [ app_begin ] --END-- [ RunTime:0.000841s ]
SQL: SHOW COLUMNS FROM `hsl_goods_type` [ RunTime:0.0041s ]
SQL: SELECT * FROM `hsl_goods_type` WHERE ( enabled = 1 )  [ RunTime:0.0004s ]
SQL: SHOW COLUMNS FROM `hsl_goods` [ RunTime:0.0032s ]
SQL: SELECT * FROM `hsl_goods` WHERE ( is_new = 1 )  [ RunTime:0.0006s ]
SQL: SELECT * FROM `hsl_goods` WHERE ( is_promote = 1 )  [ RunTime:0.0004s ]
SQL: SELECT * FROM `hsl_goods` WHERE ( is_hot = 1 )  [ RunTime:0.0006s ]
INFO: [ view_parse ] --START--
INFO: [ template_filter ] --START--
INFO: Run Behavior\ContentReplaceBehavior [ RunTime:0.000174s ]
INFO: [ template_filter ] --END-- [ RunTime:0.000303s ]
INFO: Run Behavior\ParseTemplateBehavior [ RunTime:0.014546s ]
INFO: [ view_parse ] --END-- [ RunTime:0.014682s ]
INFO: [ view_filter ] --START--
INFO: Run Behavior\WriteHtmlCacheBehavior [ RunTime:0.000530s ]
INFO: [ view_filter ] --END-- [ RunTime:0.000650s ]
INFO: [ app_end ] --START--
INFO: Run Behavior\ShowPageTraceBehavior [ RunTime:0.000656s ]
INFO: [ app_end ] --END-- [ RunTime:0.000785s ]

