[ 2016-04-27T18:50:11+08:00 ] 127.0.0.1 /HSLshop/
INFO: [ app_init ] --START--
INFO: Run Behavior\BuildLiteBehavior [ RunTime:0.000065s ]
INFO: [ app_init ] --END-- [ RunTime:0.017495s ]
INFO: [ app_begin ] --START--
INFO: Run Behavior\ReadHtmlCacheBehavior [ RunTime:0.002395s ]
INFO: [ app_begin ] --END-- [ RunTime:0.002711s ]
SQL: SHOW COLUMNS FROM `hsl_goods_type` [ RunTime:0.1280s ]
SQL: SELECT * FROM `hsl_goods_type` WHERE ( enabled = 1 )  [ RunTime:0.0802s ]
SQL: SHOW COLUMNS FROM `hsl_goods` [ RunTime:0.0036s ]
SQL: SELECT * FROM `hsl_goods` WHERE ( is_new = 1 )  [ RunTime:0.0013s ]
SQL: SELECT * FROM `hsl_goods` WHERE ( is_promote = 1 )  [ RunTime:0.0003s ]
SQL: SELECT * FROM `hsl_goods` WHERE ( is_hot = 1 )  [ RunTime:0.0003s ]
INFO: [ view_parse ] --START--
INFO: [ template_filter ] --START--
INFO: Run Behavior\ContentReplaceBehavior [ RunTime:0.008140s ]
INFO: [ template_filter ] --END-- [ RunTime:0.008302s ]
INFO: Run Behavior\ParseTemplateBehavior [ RunTime:0.112051s ]
INFO: [ view_parse ] --END-- [ RunTime:0.112253s ]
INFO: [ view_filter ] --START--
INFO: Run Behavior\WriteHtmlCacheBehavior [ RunTime:0.008941s ]
INFO: [ view_filter ] --END-- [ RunTime:0.009085s ]
INFO: [ app_end ] --START--
INFO: Run Behavior\ShowPageTraceBehavior [ RunTime:0.007912s ]
INFO: [ app_end ] --END-- [ RunTime:0.008059s ]

