[ 2016-06-08T23:31:43+08:00 ] 127.0.0.1 /HSLshop/
INFO: [ app_init ] --START--
INFO: Run Behavior\BuildLiteBehavior [ RunTime:0.000025s ]
INFO: [ app_init ] --END-- [ RunTime:0.010223s ]
INFO: [ app_begin ] --START--
INFO: Run Behavior\ReadHtmlCacheBehavior [ RunTime:0.016711s ]
INFO: [ app_begin ] --END-- [ RunTime:0.016828s ]
SQL: SHOW COLUMNS FROM `hsl_goods_type` [ RunTime:0.0629s ]
SQL: SELECT * FROM `hsl_goods_type` WHERE ( enabled = 1 )  [ RunTime:0.0624s ]
SQL: SHOW COLUMNS FROM `hsl_goods` [ RunTime:0.0633s ]
SQL: SELECT * FROM `hsl_goods` WHERE ( is_new = 1 ) ORDER BY goods_id DESC LIMIT 8   [ RunTime:0.0637s ]
SQL: SELECT * FROM `hsl_goods` WHERE ( is_promote = 1 )  [ RunTime:0.0635s ]
SQL: SELECT * FROM `hsl_goods` WHERE ( is_hot = 1 )  [ RunTime:0.0629s ]
INFO: [ view_parse ] --START--
INFO: [ template_filter ] --START--
INFO: Run Behavior\ContentReplaceBehavior [ RunTime:0.011610s ]
INFO: [ template_filter ] --END-- [ RunTime:0.011782s ]
INFO: Run Behavior\ParseTemplateBehavior [ RunTime:0.123046s ]
INFO: [ view_parse ] --END-- [ RunTime:0.123194s ]
INFO: [ view_filter ] --START--
INFO: Run Behavior\WriteHtmlCacheBehavior [ RunTime:0.000552s ]
INFO: [ view_filter ] --END-- [ RunTime:0.000650s ]
INFO: [ app_end ] --START--
INFO: Run Behavior\ShowPageTraceBehavior [ RunTime:0.005058s ]
INFO: [ app_end ] --END-- [ RunTime:0.005177s ]

