[ 2016-06-01T15:24:36+08:00 ] 127.0.0.1 /HSLshop/
INFO: [ app_init ] --START--
INFO: Run Behavior\BuildLiteBehavior [ RunTime:0.000033s ]
INFO: [ app_init ] --END-- [ RunTime:0.009432s ]
INFO: [ app_begin ] --START--
INFO: Run Behavior\ReadHtmlCacheBehavior [ RunTime:0.001120s ]
INFO: [ app_begin ] --END-- [ RunTime:0.001242s ]
SQL: SHOW COLUMNS FROM `hsl_goods_type` [ RunTime:0.1090s ]
SQL: SELECT * FROM `hsl_goods_type` WHERE ( enabled = 1 )  [ RunTime:0.1122s ]
SQL: SHOW COLUMNS FROM `hsl_goods` [ RunTime:0.1157s ]
SQL: SELECT * FROM `hsl_goods` WHERE ( is_new = 1 ) ORDER BY goods_id DESC LIMIT 8   [ RunTime:0.1155s ]
SQL: SELECT * FROM `hsl_goods` WHERE ( is_promote = 1 )  [ RunTime:0.1072s ]
SQL: SELECT * FROM `hsl_goods` WHERE ( is_hot = 1 )  [ RunTime:0.1036s ]
INFO: [ view_parse ] --START--
INFO: [ template_filter ] --START--
INFO: Run Behavior\ContentReplaceBehavior [ RunTime:0.007742s ]
INFO: [ template_filter ] --END-- [ RunTime:0.007893s ]
INFO: Run Behavior\ParseTemplateBehavior [ RunTime:0.155986s ]
INFO: [ view_parse ] --END-- [ RunTime:0.156139s ]
INFO: [ view_filter ] --START--
INFO: Run Behavior\WriteHtmlCacheBehavior [ RunTime:0.009353s ]
INFO: [ view_filter ] --END-- [ RunTime:0.009465s ]
INFO: [ app_end ] --START--
INFO: Run Behavior\ShowPageTraceBehavior [ RunTime:0.007698s ]
INFO: [ app_end ] --END-- [ RunTime:0.007826s ]

